2025-04-15 10:37:48,921 - DEBUG - Environment variables - DISCORD_TOKEN: set, ERROR_CHANNEL_ID: 1357760072394084483, INBOX_CHANNEL_ID: 1357787853375016981
2025-04-15 10:37:48,927 - INFO - Discord bot initialized
2025-04-15 10:37:48,927 - DEBUG - Bot state - http_client: <httpx._client.AsyncClient object at 0x713a0bbe8980>, error_queue: <Queue maxsize=0>, contact_queue: <Queue maxsize=0>, bot_initialized: True
2025-04-15 10:37:48,927 - INFO - Starting queue processing thread
2025-04-15 10:37:48,927 - DEBUG - Starting queue processing thread
2025-04-15 10:37:48,930 - DEBUG - Queue processing loop running
2025-04-15 10:37:51,032 - DEBUG - Queue processing loop running
2025-04-15 10:38:37,261 - DEBUG - Environment variables - DISCORD_TOKEN: set, ERROR_CHANNEL_ID: 1357760072394084483, INBOX_CHANNEL_ID: 1357787853375016981
2025-04-15 10:38:37,267 - INFO - Discord bot initialized
2025-04-15 10:38:37,267 - DEBUG - Bot state - http_client: <httpx._client.AsyncClient object at 0x7e593c53bc20>, error_queue: <Queue maxsize=0>, contact_queue: <Queue maxsize=0>, bot_initialized: True
2025-04-15 10:38:37,267 - INFO - Starting queue processing thread
2025-04-15 10:38:37,267 - DEBUG - Starting queue processing thread
2025-04-15 10:38:37,268 - DEBUG - Queue processing loop running
2025-04-15 10:39:13,823 - DEBUG - Environment variables - DISCORD_TOKEN: set, ERROR_CHANNEL_ID: 1357760072394084483, INBOX_CHANNEL_ID: 1357787853375016981
2025-04-15 10:39:13,829 - INFO - Discord bot initialized
2025-04-15 10:39:13,830 - DEBUG - Bot state - http_client: <httpx._client.AsyncClient object at 0x711725ce31d0>, error_queue: <Queue maxsize=0>, contact_queue: <Queue maxsize=0>, bot_initialized: True
2025-04-15 10:39:13,830 - INFO - Starting queue processing thread
2025-04-15 10:39:13,830 - DEBUG - Starting queue processing thread
2025-04-15 10:39:13,832 - DEBUG - Queue processing loop running
2025-04-15 10:39:15,935 - DEBUG - Queue processing loop running
2025-04-15 10:39:18,038 - DEBUG - Queue processing loop running
2025-04-15 10:39:18,652 - DEBUG - Environment variables - DISCORD_TOKEN: set, ERROR_CHANNEL_ID: 1357760072394084483, INBOX_CHANNEL_ID: 1357787853375016981
2025-04-15 10:39:18,658 - INFO - Discord bot initialized
2025-04-15 10:39:18,658 - DEBUG - Bot state - http_client: <httpx._client.AsyncClient object at 0x71becdedfef0>, error_queue: <Queue maxsize=0>, contact_queue: <Queue maxsize=0>, bot_initialized: True
2025-04-15 10:39:18,658 - INFO - Starting queue processing thread
2025-04-15 10:39:18,659 - DEBUG - Starting queue processing thread
2025-04-15 10:39:18,661 - DEBUG - Queue processing loop running
2025-04-15 10:39:20,141 - DEBUG - Queue processing loop running
2025-04-15 10:39:20,763 - DEBUG - Queue processing loop running
2025-04-15 10:39:22,243 - DEBUG - Queue processing loop running
2025-04-15 10:39:22,866 - DEBUG - Queue processing loop running
2025-04-15 10:39:24,346 - DEBUG - Queue processing loop running
2025-04-15 10:39:24,969 - DEBUG - Queue processing loop running
2025-04-15 10:39:26,449 - DEBUG - Queue processing loop running
2025-04-15 10:39:27,072 - DEBUG - Queue processing loop running
2025-04-15 10:39:28,552 - DEBUG - Queue processing loop running
2025-04-15 10:39:29,175 - DEBUG - Queue processing loop running
2025-04-15 10:39:30,654 - DEBUG - Queue processing loop running
2025-04-15 10:39:31,278 - DEBUG - Queue processing loop running
2025-04-15 10:39:32,757 - DEBUG - Queue processing loop running
2025-04-15 10:39:33,381 - DEBUG - Queue processing loop running
2025-04-15 10:39:34,860 - DEBUG - Queue processing loop running
2025-04-15 10:39:35,484 - DEBUG - Queue processing loop running
2025-04-15 10:39:36,963 - DEBUG - Queue processing loop running
2025-04-15 10:39:37,587 - DEBUG - Queue processing loop running
2025-04-15 10:39:39,066 - DEBUG - Queue processing loop running
2025-04-15 10:39:39,689 - DEBUG - Queue processing loop running
2025-04-15 10:39:41,169 - DEBUG - Queue processing loop running
2025-04-15 10:39:41,792 - DEBUG - Queue processing loop running
2025-04-15 10:39:43,272 - DEBUG - Queue processing loop running
2025-04-15 10:39:43,895 - DEBUG - Queue processing loop running
2025-04-15 10:39:45,374 - DEBUG - Queue processing loop running
2025-04-15 10:39:45,998 - DEBUG - Queue processing loop running
2025-04-15 10:39:47,477 - DEBUG - Queue processing loop running
2025-04-15 10:39:48,101 - DEBUG - Queue processing loop running
2025-04-15 10:39:49,579 - DEBUG - Queue processing loop running
2025-04-15 10:39:50,204 - DEBUG - Queue processing loop running
2025-04-15 10:39:51,682 - DEBUG - Queue processing loop running
2025-04-15 10:39:52,307 - DEBUG - Queue processing loop running
2025-04-15 10:39:53,785 - DEBUG - Queue processing loop running
2025-04-15 10:39:54,410 - DEBUG - Queue processing loop running
2025-04-15 10:39:55,888 - DEBUG - Queue processing loop running
2025-04-15 10:39:56,513 - DEBUG - Queue processing loop running
2025-04-15 10:39:57,991 - DEBUG - Queue processing loop running
2025-04-15 10:39:58,616 - DEBUG - Queue processing loop running
2025-04-15 10:40:00,094 - DEBUG - Queue processing loop running
2025-04-15 10:40:00,719 - DEBUG - Queue processing loop running
2025-04-15 10:40:02,197 - DEBUG - Queue processing loop running
2025-04-15 10:40:02,822 - DEBUG - Queue processing loop running
2025-04-15 10:40:04,300 - DEBUG - Queue processing loop running
2025-04-15 10:40:04,924 - DEBUG - Queue processing loop running
2025-04-15 10:40:06,403 - DEBUG - Queue processing loop running
2025-04-15 10:40:07,027 - DEBUG - Queue processing loop running
2025-04-15 10:40:08,506 - DEBUG - Queue processing loop running
2025-04-15 10:40:09,130 - DEBUG - Queue processing loop running
2025-04-15 10:40:10,608 - DEBUG - Queue processing loop running
2025-04-15 10:40:11,233 - DEBUG - Queue processing loop running
2025-04-15 10:40:12,711 - DEBUG - Queue processing loop running
2025-04-15 10:40:13,336 - DEBUG - Queue processing loop running
2025-04-15 10:40:14,814 - DEBUG - Queue processing loop running
2025-04-15 10:40:15,439 - DEBUG - Queue processing loop running
2025-04-15 10:40:16,917 - DEBUG - Queue processing loop running
2025-04-15 10:40:17,542 - DEBUG - Queue processing loop running
2025-04-15 10:40:19,020 - DEBUG - Queue processing loop running
2025-04-15 10:40:19,645 - DEBUG - Queue processing loop running
2025-04-15 10:40:21,123 - DEBUG - Queue processing loop running
2025-04-15 10:40:21,748 - DEBUG - Queue processing loop running
2025-04-15 10:40:23,226 - DEBUG - Queue processing loop running
2025-04-15 10:40:23,851 - DEBUG - Queue processing loop running
2025-04-15 10:40:25,329 - DEBUG - Queue processing loop running
2025-04-15 10:40:25,954 - DEBUG - Queue processing loop running
2025-04-15 10:40:27,431 - DEBUG - Queue processing loop running
2025-04-15 10:40:28,057 - DEBUG - Queue processing loop running
2025-04-15 10:40:29,534 - DEBUG - Queue processing loop running
2025-04-15 10:40:30,160 - DEBUG - Queue processing loop running
2025-04-15 10:40:31,637 - DEBUG - Queue processing loop running
2025-04-15 10:40:32,263 - DEBUG - Queue processing loop running
2025-04-15 10:40:33,740 - DEBUG - Queue processing loop running
2025-04-15 10:40:34,365 - DEBUG - Queue processing loop running
2025-04-15 10:40:35,842 - DEBUG - Queue processing loop running
2025-04-15 10:40:36,468 - DEBUG - Queue processing loop running
2025-04-15 10:40:37,945 - DEBUG - Queue processing loop running
2025-04-15 10:40:38,571 - DEBUG - Queue processing loop running
2025-04-15 10:40:40,048 - DEBUG - Queue processing loop running
2025-04-15 10:40:40,674 - DEBUG - Queue processing loop running
2025-04-15 10:40:42,151 - DEBUG - Queue processing loop running
2025-04-15 10:40:42,777 - DEBUG - Queue processing loop running
2025-04-15 10:40:44,254 - DEBUG - Queue processing loop running
2025-04-15 10:40:44,879 - DEBUG - Queue processing loop running
2025-04-15 10:40:46,357 - DEBUG - Queue processing loop running
2025-04-15 10:40:46,982 - DEBUG - Queue processing loop running
2025-04-15 10:40:48,460 - DEBUG - Queue processing loop running
2025-04-15 10:40:49,085 - DEBUG - Queue processing loop running
2025-04-15 10:40:50,563 - DEBUG - Queue processing loop running
2025-04-15 10:40:51,187 - DEBUG - Queue processing loop running
2025-04-15 10:40:52,666 - DEBUG - Queue processing loop running
2025-04-15 10:40:53,290 - DEBUG - Queue processing loop running
2025-04-15 10:40:54,768 - DEBUG - Queue processing loop running
2025-04-15 10:40:55,393 - DEBUG - Queue processing loop running
2025-04-15 10:40:56,871 - DEBUG - Queue processing loop running
2025-04-15 10:40:57,496 - DEBUG - Queue processing loop running
2025-04-15 10:40:58,974 - DEBUG - Queue processing loop running
2025-04-15 10:40:59,599 - DEBUG - Queue processing loop running
2025-04-15 10:41:01,077 - DEBUG - Queue processing loop running
2025-04-15 10:41:01,702 - DEBUG - Queue processing loop running
2025-04-15 10:41:03,180 - DEBUG - Queue processing loop running
2025-04-15 10:41:03,805 - DEBUG - Queue processing loop running
2025-04-15 10:41:05,282 - DEBUG - Queue processing loop running
2025-04-15 10:41:05,908 - DEBUG - Queue processing loop running
2025-04-15 10:41:07,385 - DEBUG - Queue processing loop running
2025-04-15 10:41:08,011 - DEBUG - Queue processing loop running
2025-04-15 10:41:09,488 - DEBUG - Queue processing loop running
2025-04-15 10:41:10,114 - DEBUG - Queue processing loop running
2025-04-15 10:41:11,591 - DEBUG - Queue processing loop running
2025-04-15 10:41:12,217 - DEBUG - Queue processing loop running
2025-04-15 10:41:13,694 - DEBUG - Queue processing loop running
2025-04-15 10:41:14,319 - DEBUG - Queue processing loop running
2025-04-15 10:41:15,797 - DEBUG - Queue processing loop running
2025-04-15 10:41:16,422 - DEBUG - Queue processing loop running
2025-04-15 10:41:17,900 - DEBUG - Queue processing loop running
2025-04-15 10:41:18,525 - DEBUG - Queue processing loop running
2025-04-15 10:41:20,003 - DEBUG - Queue processing loop running
2025-04-15 10:41:20,628 - DEBUG - Queue processing loop running
2025-04-15 10:41:22,105 - DEBUG - Queue processing loop running
2025-04-15 10:41:22,731 - DEBUG - Queue processing loop running
2025-04-15 10:41:24,208 - DEBUG - Queue processing loop running
2025-04-15 10:41:24,834 - DEBUG - Queue processing loop running
2025-04-15 10:41:26,311 - DEBUG - Queue processing loop running
2025-04-15 10:41:26,937 - DEBUG - Queue processing loop running
2025-04-15 10:41:28,414 - DEBUG - Queue processing loop running
2025-04-15 10:41:29,039 - DEBUG - Queue processing loop running
2025-04-15 10:41:30,517 - DEBUG - Queue processing loop running
2025-04-15 10:41:31,142 - DEBUG - Queue processing loop running
2025-04-15 10:41:32,620 - DEBUG - Queue processing loop running
2025-04-15 10:41:33,246 - DEBUG - Queue processing loop running
2025-04-15 10:41:34,722 - DEBUG - Queue processing loop running
2025-04-15 10:41:35,348 - DEBUG - Queue processing loop running
2025-04-15 10:41:36,825 - DEBUG - Queue processing loop running
2025-04-15 10:41:37,451 - DEBUG - Queue processing loop running
2025-04-15 10:41:38,928 - DEBUG - Queue processing loop running
2025-04-15 10:41:39,554 - DEBUG - Queue processing loop running
2025-04-15 10:41:41,031 - DEBUG - Queue processing loop running
2025-04-15 10:41:41,657 - DEBUG - Queue processing loop running
2025-04-15 10:41:43,134 - DEBUG - Queue processing loop running
2025-04-15 10:41:43,760 - DEBUG - Queue processing loop running
2025-04-15 10:41:45,237 - DEBUG - Queue processing loop running
2025-04-15 10:41:45,863 - DEBUG - Queue processing loop running
2025-04-15 10:41:47,340 - DEBUG - Queue processing loop running
2025-04-15 10:41:47,966 - DEBUG - Queue processing loop running
2025-04-15 10:41:49,442 - DEBUG - Queue processing loop running
2025-04-15 10:41:50,069 - DEBUG - Queue processing loop running
2025-04-15 10:41:51,545 - DEBUG - Queue processing loop running
2025-04-15 10:41:52,172 - DEBUG - Queue processing loop running
2025-04-15 10:41:53,647 - DEBUG - Queue processing loop running
2025-04-15 10:41:54,275 - DEBUG - Queue processing loop running
2025-04-15 10:41:55,750 - DEBUG - Queue processing loop running
2025-04-15 10:41:56,378 - DEBUG - Queue processing loop running
2025-04-15 10:41:57,852 - DEBUG - Queue processing loop running
2025-04-15 10:41:58,481 - DEBUG - Queue processing loop running
2025-04-15 10:41:59,955 - DEBUG - Queue processing loop running
2025-04-15 10:42:00,584 - DEBUG - Queue processing loop running
2025-04-15 10:42:02,059 - DEBUG - Queue processing loop running
2025-04-15 10:42:02,687 - DEBUG - Queue processing loop running
2025-04-15 10:42:04,162 - DEBUG - Queue processing loop running
2025-04-15 10:42:04,790 - DEBUG - Queue processing loop running
2025-04-15 10:42:06,264 - DEBUG - Queue processing loop running
2025-04-15 10:42:06,892 - DEBUG - Queue processing loop running
2025-04-15 10:42:08,367 - DEBUG - Queue processing loop running
2025-04-15 10:42:08,995 - DEBUG - Queue processing loop running
2025-04-15 10:42:10,470 - DEBUG - Queue processing loop running
2025-04-15 10:42:11,098 - DEBUG - Queue processing loop running
2025-04-15 10:42:12,572 - DEBUG - Queue processing loop running
2025-04-15 10:42:13,201 - DEBUG - Queue processing loop running
2025-04-15 10:42:14,675 - DEBUG - Queue processing loop running
2025-04-15 10:42:15,304 - DEBUG - Queue processing loop running
2025-04-15 10:42:16,778 - DEBUG - Queue processing loop running
2025-04-15 10:42:17,406 - DEBUG - Queue processing loop running
2025-04-15 10:42:18,881 - DEBUG - Queue processing loop running
2025-04-15 10:42:19,510 - DEBUG - Queue processing loop running
2025-04-15 10:42:20,984 - DEBUG - Queue processing loop running
2025-04-15 10:42:21,612 - DEBUG - Queue processing loop running
2025-04-15 10:42:23,087 - DEBUG - Queue processing loop running
2025-04-15 10:42:23,715 - DEBUG - Queue processing loop running
2025-04-15 10:42:25,190 - DEBUG - Queue processing loop running
2025-04-15 10:42:25,818 - DEBUG - Queue processing loop running
2025-04-15 10:42:27,292 - DEBUG - Queue processing loop running
2025-04-15 10:42:27,921 - DEBUG - Queue processing loop running
2025-04-15 10:42:29,395 - DEBUG - Queue processing loop running
2025-04-15 10:42:30,024 - DEBUG - Queue processing loop running
2025-04-15 10:42:31,498 - DEBUG - Queue processing loop running
2025-04-15 10:42:32,127 - DEBUG - Queue processing loop running
2025-04-15 10:42:33,601 - DEBUG - Queue processing loop running
2025-04-15 10:42:34,230 - DEBUG - Queue processing loop running
2025-04-15 10:42:35,704 - DEBUG - Queue processing loop running
2025-04-15 10:42:36,333 - DEBUG - Queue processing loop running
2025-04-15 10:42:37,807 - DEBUG - Queue processing loop running
2025-04-15 10:42:38,436 - DEBUG - Queue processing loop running
2025-04-15 10:42:39,909 - DEBUG - Queue processing loop running
2025-04-15 10:42:40,539 - DEBUG - Queue processing loop running
2025-04-15 10:42:42,012 - DEBUG - Queue processing loop running
2025-04-15 10:42:42,642 - DEBUG - Queue processing loop running
2025-04-15 10:42:44,114 - DEBUG - Queue processing loop running
2025-04-15 10:42:44,745 - DEBUG - Queue processing loop running
2025-04-15 10:42:46,217 - DEBUG - Queue processing loop running
2025-04-15 10:42:46,848 - DEBUG - Queue processing loop running
2025-04-15 10:42:48,320 - DEBUG - Queue processing loop running
2025-04-15 10:42:48,951 - DEBUG - Queue processing loop running
2025-04-15 10:42:50,423 - DEBUG - Queue processing loop running
2025-04-15 10:42:51,053 - DEBUG - Queue processing loop running
2025-04-15 10:42:52,526 - DEBUG - Queue processing loop running
2025-04-15 10:42:53,156 - DEBUG - Queue processing loop running
2025-04-15 10:42:54,628 - DEBUG - Queue processing loop running
2025-04-15 10:42:55,258 - DEBUG - Queue processing loop running
2025-04-15 10:42:56,731 - DEBUG - Queue processing loop running
2025-04-15 10:42:57,361 - DEBUG - Queue processing loop running
2025-04-15 10:42:58,834 - DEBUG - Queue processing loop running
2025-04-15 10:42:59,464 - DEBUG - Queue processing loop running
2025-04-15 10:43:00,937 - DEBUG - Queue processing loop running
2025-04-15 10:43:01,567 - DEBUG - Queue processing loop running
2025-04-15 10:43:03,040 - DEBUG - Queue processing loop running
2025-04-15 10:43:03,670 - DEBUG - Queue processing loop running
2025-04-15 10:43:05,142 - DEBUG - Queue processing loop running
2025-04-15 10:43:05,773 - DEBUG - Queue processing loop running
2025-04-15 10:43:07,245 - DEBUG - Queue processing loop running
2025-04-15 10:43:07,876 - DEBUG - Queue processing loop running
2025-04-15 10:43:09,348 - DEBUG - Queue processing loop running
2025-04-15 10:43:09,979 - DEBUG - Queue processing loop running
2025-04-15 10:43:11,451 - DEBUG - Queue processing loop running
2025-04-15 10:43:12,082 - DEBUG - Queue processing loop running
2025-04-15 10:43:13,554 - DEBUG - Queue processing loop running
2025-04-15 10:43:14,185 - DEBUG - Queue processing loop running
2025-04-15 10:43:15,656 - DEBUG - Queue processing loop running
2025-04-15 10:43:16,288 - DEBUG - Queue processing loop running
2025-04-15 10:43:17,759 - DEBUG - Queue processing loop running
2025-04-15 10:43:18,390 - DEBUG - Queue processing loop running
2025-04-15 10:43:19,862 - DEBUG - Queue processing loop running
2025-04-15 10:43:20,493 - DEBUG - Queue processing loop running
2025-04-15 10:43:21,965 - DEBUG - Queue processing loop running
2025-04-15 10:43:22,596 - DEBUG - Queue processing loop running
2025-04-15 10:43:24,067 - DEBUG - Queue processing loop running
2025-04-15 10:43:24,699 - DEBUG - Queue processing loop running
2025-04-15 10:43:26,170 - DEBUG - Queue processing loop running
2025-04-15 10:43:26,802 - DEBUG - Queue processing loop running
2025-04-15 10:43:28,273 - DEBUG - Queue processing loop running
2025-04-15 10:43:28,906 - DEBUG - Queue processing loop running
2025-04-15 10:43:30,376 - DEBUG - Queue processing loop running
2025-04-15 10:43:31,009 - DEBUG - Queue processing loop running
2025-04-15 10:43:32,478 - DEBUG - Queue processing loop running
2025-04-15 10:43:33,112 - DEBUG - Queue processing loop running
2025-04-15 10:43:34,581 - DEBUG - Queue processing loop running
2025-04-15 10:43:35,215 - DEBUG - Queue processing loop running
2025-04-15 10:43:36,684 - DEBUG - Queue processing loop running
2025-04-15 10:43:37,318 - DEBUG - Queue processing loop running
2025-04-15 10:43:38,787 - DEBUG - Queue processing loop running
2025-04-15 10:43:39,421 - DEBUG - Queue processing loop running
2025-04-15 10:43:40,890 - DEBUG - Queue processing loop running
2025-04-15 10:43:41,524 - DEBUG - Queue processing loop running
2025-04-15 10:43:42,993 - DEBUG - Queue processing loop running
2025-04-15 10:43:43,627 - DEBUG - Queue processing loop running
2025-04-15 10:43:45,095 - DEBUG - Queue processing loop running
2025-04-15 10:43:45,730 - DEBUG - Queue processing loop running
2025-04-15 10:43:47,198 - DEBUG - Queue processing loop running
2025-04-15 10:43:47,832 - DEBUG - Queue processing loop running
2025-04-15 10:43:49,300 - DEBUG - Queue processing loop running
2025-04-15 10:43:49,935 - DEBUG - Queue processing loop running
2025-04-15 10:43:51,403 - DEBUG - Queue processing loop running
2025-04-15 10:43:52,037 - DEBUG - Queue processing loop running
2025-04-15 10:43:53,506 - DEBUG - Queue processing loop running
2025-04-15 10:43:54,140 - DEBUG - Queue processing loop running
2025-04-15 10:43:55,609 - DEBUG - Queue processing loop running
2025-04-15 10:43:56,243 - DEBUG - Queue processing loop running
2025-04-15 10:43:57,712 - DEBUG - Queue processing loop running
2025-04-15 10:43:58,346 - DEBUG - Queue processing loop running
2025-04-15 10:43:59,815 - DEBUG - Queue processing loop running
2025-04-15 10:44:00,449 - DEBUG - Queue processing loop running
2025-04-15 10:44:01,917 - DEBUG - Queue processing loop running
2025-04-15 10:44:02,552 - DEBUG - Queue processing loop running
2025-04-15 10:44:04,020 - DEBUG - Queue processing loop running
2025-04-15 10:44:04,655 - DEBUG - Queue processing loop running
2025-04-15 10:44:06,123 - DEBUG - Queue processing loop running
2025-04-15 10:44:06,758 - DEBUG - Queue processing loop running
2025-04-15 10:44:08,225 - DEBUG - Queue processing loop running
2025-04-15 10:44:08,861 - DEBUG - Queue processing loop running
2025-04-15 10:44:10,328 - DEBUG - Queue processing loop running
2025-04-15 10:44:10,967 - DEBUG - Queue processing loop running
2025-04-15 10:44:12,431 - DEBUG - Queue processing loop running
2025-04-15 10:44:13,070 - DEBUG - Queue processing loop running
2025-04-15 10:44:14,534 - DEBUG - Queue processing loop running
2025-04-15 10:44:15,173 - DEBUG - Queue processing loop running
2025-04-15 10:44:16,636 - DEBUG - Queue processing loop running
2025-04-15 10:44:17,275 - DEBUG - Queue processing loop running
2025-04-15 10:44:18,739 - DEBUG - Queue processing loop running
2025-04-15 10:44:19,378 - DEBUG - Queue processing loop running
2025-04-15 10:44:20,842 - DEBUG - Queue processing loop running
2025-04-15 10:44:21,481 - DEBUG - Queue processing loop running
2025-04-15 10:44:22,945 - DEBUG - Queue processing loop running
2025-04-15 10:44:23,583 - DEBUG - Queue processing loop running
2025-04-15 10:44:25,048 - DEBUG - Queue processing loop running
2025-04-15 10:44:25,685 - DEBUG - Queue processing loop running
2025-04-15 10:44:27,151 - DEBUG - Queue processing loop running
2025-04-15 10:44:27,788 - DEBUG - Queue processing loop running
2025-04-15 10:44:29,254 - DEBUG - Queue processing loop running
2025-04-15 10:44:29,891 - DEBUG - Queue processing loop running
2025-04-15 10:44:31,357 - DEBUG - Queue processing loop running
2025-04-15 10:44:31,994 - DEBUG - Queue processing loop running
2025-04-15 10:44:33,460 - DEBUG - Queue processing loop running
2025-04-15 10:44:34,097 - DEBUG - Queue processing loop running
2025-04-15 10:44:35,563 - DEBUG - Queue processing loop running
2025-04-15 10:44:36,200 - DEBUG - Queue processing loop running
2025-04-15 10:44:37,665 - DEBUG - Queue processing loop running
2025-04-15 10:44:38,303 - DEBUG - Queue processing loop running
2025-04-15 10:44:39,768 - DEBUG - Queue processing loop running
2025-04-15 10:44:40,406 - DEBUG - Queue processing loop running
2025-04-15 10:44:41,871 - DEBUG - Queue processing loop running
2025-04-15 10:44:42,509 - DEBUG - Queue processing loop running
2025-04-15 10:44:43,974 - DEBUG - Queue processing loop running
2025-04-15 10:44:44,612 - DEBUG - Queue processing loop running
2025-04-15 10:44:46,077 - DEBUG - Queue processing loop running
2025-04-15 10:44:46,714 - DEBUG - Queue processing loop running
2025-04-15 10:44:48,179 - DEBUG - Queue processing loop running
2025-04-15 10:44:48,817 - DEBUG - Queue processing loop running
2025-04-15 10:44:50,282 - DEBUG - Queue processing loop running
2025-04-15 10:44:50,921 - DEBUG - Queue processing loop running
2025-04-15 10:44:52,385 - DEBUG - Queue processing loop running
2025-04-15 10:44:53,024 - DEBUG - Queue processing loop running
2025-04-15 10:44:54,488 - DEBUG - Queue processing loop running
2025-04-15 10:44:55,127 - DEBUG - Queue processing loop running
2025-04-15 10:44:56,591 - DEBUG - Queue processing loop running
2025-04-15 10:44:57,230 - DEBUG - Queue processing loop running
2025-04-15 10:44:58,694 - DEBUG - Queue processing loop running
2025-04-15 10:44:59,333 - DEBUG - Queue processing loop running
2025-04-15 10:45:00,797 - DEBUG - Queue processing loop running
2025-04-15 10:45:01,436 - DEBUG - Queue processing loop running
2025-04-15 10:45:02,899 - DEBUG - Queue processing loop running
2025-04-15 10:45:03,539 - DEBUG - Queue processing loop running
2025-04-15 10:45:05,002 - DEBUG - Queue processing loop running
2025-04-15 10:45:05,642 - DEBUG - Queue processing loop running
2025-04-15 10:45:07,105 - DEBUG - Queue processing loop running
2025-04-15 10:45:07,745 - DEBUG - Queue processing loop running
2025-04-15 10:45:09,208 - DEBUG - Queue processing loop running
2025-04-15 10:45:09,848 - DEBUG - Queue processing loop running
2025-04-15 10:45:11,311 - DEBUG - Queue processing loop running
2025-04-15 10:45:11,951 - DEBUG - Queue processing loop running
2025-04-15 10:45:13,414 - DEBUG - Queue processing loop running
2025-04-15 10:45:14,054 - DEBUG - Queue processing loop running
2025-04-15 10:45:15,517 - DEBUG - Queue processing loop running
2025-04-15 10:45:16,157 - DEBUG - Queue processing loop running
2025-04-15 10:45:17,620 - DEBUG - Queue processing loop running
2025-04-15 10:45:18,260 - DEBUG - Queue processing loop running
2025-04-15 10:45:19,723 - DEBUG - Queue processing loop running
2025-04-15 10:45:20,363 - DEBUG - Queue processing loop running
2025-04-15 10:45:21,826 - DEBUG - Queue processing loop running
2025-04-15 10:45:22,466 - DEBUG - Queue processing loop running
2025-04-15 10:45:23,929 - DEBUG - Queue processing loop running
2025-04-15 10:45:24,569 - DEBUG - Queue processing loop running
2025-04-15 10:45:26,031 - DEBUG - Queue processing loop running
2025-04-15 10:45:26,672 - DEBUG - Queue processing loop running
2025-04-15 10:45:28,134 - DEBUG - Queue processing loop running
2025-04-15 10:45:28,776 - DEBUG - Queue processing loop running
2025-04-15 10:45:30,237 - DEBUG - Queue processing loop running
2025-04-15 10:45:30,879 - DEBUG - Queue processing loop running
2025-04-15 10:45:32,340 - DEBUG - Queue processing loop running
2025-04-15 10:45:32,982 - DEBUG - Queue processing loop running
2025-04-15 10:45:34,443 - DEBUG - Queue processing loop running
2025-04-15 10:45:35,085 - DEBUG - Queue processing loop running
2025-04-15 10:45:36,545 - DEBUG - Queue processing loop running
2025-04-15 10:45:37,188 - DEBUG - Queue processing loop running
2025-04-15 10:45:38,648 - DEBUG - Queue processing loop running
2025-04-15 10:45:39,291 - DEBUG - Queue processing loop running
2025-04-15 10:45:40,751 - DEBUG - Queue processing loop running
2025-04-15 10:45:41,394 - DEBUG - Queue processing loop running
2025-04-15 10:45:42,854 - DEBUG - Queue processing loop running
2025-04-15 10:45:43,497 - DEBUG - Queue processing loop running
2025-04-15 10:45:44,957 - DEBUG - Queue processing loop running
2025-04-15 10:45:45,600 - DEBUG - Queue processing loop running
2025-04-15 10:45:47,060 - DEBUG - Queue processing loop running
2025-04-15 10:45:47,702 - DEBUG - Queue processing loop running
2025-04-15 10:45:49,163 - DEBUG - Queue processing loop running
2025-04-15 10:45:49,805 - DEBUG - Queue processing loop running
2025-04-15 10:45:51,266 - DEBUG - Queue processing loop running
2025-04-15 10:45:51,910 - DEBUG - Queue processing loop running
2025-04-15 10:45:53,369 - DEBUG - Queue processing loop running
2025-04-15 10:45:54,013 - DEBUG - Queue processing loop running
2025-04-15 10:45:55,472 - DEBUG - Queue processing loop running
2025-04-15 10:45:56,116 - DEBUG - Queue processing loop running
2025-04-15 10:45:57,575 - DEBUG - Queue processing loop running
2025-04-15 10:45:58,220 - DEBUG - Queue processing loop running
2025-04-15 10:45:59,677 - DEBUG - Queue processing loop running
2025-04-15 10:46:00,323 - DEBUG - Queue processing loop running
2025-04-15 10:46:01,780 - DEBUG - Queue processing loop running
2025-04-15 10:46:02,425 - DEBUG - Queue processing loop running
2025-04-15 10:46:03,883 - DEBUG - Queue processing loop running
2025-04-15 10:46:04,528 - DEBUG - Queue processing loop running
2025-04-15 10:46:05,986 - DEBUG - Queue processing loop running
2025-04-15 10:46:06,632 - DEBUG - Queue processing loop running
2025-04-15 10:46:08,089 - DEBUG - Queue processing loop running
2025-04-15 10:46:08,735 - DEBUG - Queue processing loop running
2025-04-15 10:46:10,192 - DEBUG - Queue processing loop running
2025-04-15 10:46:10,838 - DEBUG - Queue processing loop running
2025-04-15 10:46:12,295 - DEBUG - Queue processing loop running
2025-04-15 10:46:12,941 - DEBUG - Queue processing loop running
2025-04-15 10:46:14,397 - DEBUG - Queue processing loop running
2025-04-15 10:46:15,044 - DEBUG - Queue processing loop running
2025-04-15 10:46:16,499 - DEBUG - Queue processing loop running
2025-04-15 10:46:17,147 - DEBUG - Queue processing loop running
2025-04-15 10:46:18,602 - DEBUG - Queue processing loop running
2025-04-15 10:46:19,250 - DEBUG - Queue processing loop running
2025-04-15 10:46:20,705 - DEBUG - Queue processing loop running
2025-04-15 10:46:21,353 - DEBUG - Queue processing loop running
2025-04-15 10:46:22,808 - DEBUG - Queue processing loop running
2025-04-15 10:46:23,456 - DEBUG - Queue processing loop running
2025-04-15 10:46:24,911 - DEBUG - Queue processing loop running
2025-04-15 10:46:25,559 - DEBUG - Queue processing loop running
2025-04-15 10:46:27,014 - DEBUG - Queue processing loop running
2025-04-15 10:46:27,662 - DEBUG - Queue processing loop running
2025-04-15 10:46:29,117 - DEBUG - Queue processing loop running
2025-04-15 10:46:29,765 - DEBUG - Queue processing loop running
2025-04-15 10:46:31,219 - DEBUG - Queue processing loop running
2025-04-15 10:46:31,868 - DEBUG - Queue processing loop running
2025-04-15 10:46:33,322 - DEBUG - Queue processing loop running
2025-04-15 10:46:33,971 - DEBUG - Queue processing loop running
2025-04-15 10:46:35,425 - DEBUG - Queue processing loop running
2025-04-15 10:46:36,074 - DEBUG - Queue processing loop running
2025-04-15 10:46:37,527 - DEBUG - Queue processing loop running
2025-04-15 10:46:38,176 - DEBUG - Queue processing loop running
2025-04-15 10:46:39,630 - DEBUG - Queue processing loop running
2025-04-15 10:46:40,280 - DEBUG - Queue processing loop running
2025-04-15 10:46:41,733 - DEBUG - Queue processing loop running
2025-04-15 10:46:42,383 - DEBUG - Queue processing loop running
2025-04-15 10:46:43,836 - DEBUG - Queue processing loop running
2025-04-15 10:46:44,486 - DEBUG - Queue processing loop running
2025-04-15 10:46:45,939 - DEBUG - Queue processing loop running
2025-04-15 10:46:46,589 - DEBUG - Queue processing loop running
2025-04-15 10:46:48,042 - DEBUG - Queue processing loop running
2025-04-15 10:46:48,691 - DEBUG - Queue processing loop running
2025-04-15 10:46:50,145 - DEBUG - Queue processing loop running
2025-04-15 10:46:50,794 - DEBUG - Queue processing loop running
2025-04-15 10:46:52,247 - DEBUG - Queue processing loop running
2025-04-15 10:46:52,897 - DEBUG - Queue processing loop running
2025-04-15 10:46:54,350 - DEBUG - Queue processing loop running
2025-04-15 10:46:54,999 - DEBUG - Queue processing loop running
2025-04-15 10:46:56,452 - DEBUG - Queue processing loop running
2025-04-15 10:46:57,102 - DEBUG - Queue processing loop running
2025-04-15 10:46:58,555 - DEBUG - Queue processing loop running
2025-04-15 10:46:59,205 - DEBUG - Queue processing loop running
2025-04-15 10:47:00,657 - DEBUG - Queue processing loop running
2025-04-15 10:47:01,308 - DEBUG - Queue processing loop running
2025-04-15 10:47:02,760 - DEBUG - Queue processing loop running
2025-04-15 10:47:03,411 - DEBUG - Queue processing loop running
2025-04-15 10:47:04,863 - DEBUG - Queue processing loop running
2025-04-15 10:47:05,514 - DEBUG - Queue processing loop running
2025-04-15 10:47:06,966 - DEBUG - Queue processing loop running
2025-04-15 10:47:07,617 - DEBUG - Queue processing loop running
2025-04-15 10:47:09,069 - DEBUG - Queue processing loop running
2025-04-15 10:47:09,720 - DEBUG - Queue processing loop running
2025-04-15 10:47:11,171 - DEBUG - Queue processing loop running
2025-04-15 10:47:11,823 - DEBUG - Queue processing loop running
2025-04-15 10:47:13,274 - DEBUG - Queue processing loop running
2025-04-15 10:47:13,926 - DEBUG - Queue processing loop running
2025-04-15 10:47:15,376 - DEBUG - Queue processing loop running
2025-04-15 10:47:16,029 - DEBUG - Queue processing loop running
2025-04-15 10:47:17,479 - DEBUG - Queue processing loop running
2025-04-15 10:47:18,131 - DEBUG - Queue processing loop running
2025-04-15 10:47:19,582 - DEBUG - Queue processing loop running
2025-04-15 10:47:20,234 - DEBUG - Queue processing loop running
2025-04-15 10:47:21,685 - DEBUG - Queue processing loop running
2025-04-15 10:47:22,337 - DEBUG - Queue processing loop running
2025-04-15 10:47:23,788 - DEBUG - Queue processing loop running
2025-04-15 10:47:24,440 - DEBUG - Queue processing loop running
2025-04-15 10:47:25,891 - DEBUG - Queue processing loop running
2025-04-15 10:47:26,543 - DEBUG - Queue processing loop running
2025-04-15 10:47:27,994 - DEBUG - Queue processing loop running
2025-04-15 10:47:28,646 - DEBUG - Queue processing loop running
2025-04-15 10:47:30,096 - DEBUG - Queue processing loop running
2025-04-15 10:47:30,749 - DEBUG - Queue processing loop running
2025-04-15 10:47:32,198 - DEBUG - Queue processing loop running
2025-04-15 10:47:32,852 - DEBUG - Queue processing loop running
2025-04-15 10:47:34,301 - DEBUG - Queue processing loop running
2025-04-15 10:47:34,954 - DEBUG - Queue processing loop running
2025-04-15 10:47:36,404 - DEBUG - Queue processing loop running
2025-04-15 10:47:37,057 - DEBUG - Queue processing loop running
2025-04-15 10:47:38,506 - DEBUG - Queue processing loop running
2025-04-15 10:47:39,160 - DEBUG - Queue processing loop running
2025-04-15 10:47:40,609 - DEBUG - Queue processing loop running
2025-04-15 10:47:41,263 - DEBUG - Queue processing loop running
2025-04-15 10:47:42,711 - DEBUG - Queue processing loop running
2025-04-15 10:47:43,366 - DEBUG - Queue processing loop running
2025-04-15 10:47:44,814 - DEBUG - Queue processing loop running
2025-04-15 10:47:45,469 - DEBUG - Queue processing loop running
2025-04-15 10:47:46,917 - DEBUG - Queue processing loop running
2025-04-15 10:47:47,572 - DEBUG - Queue processing loop running
2025-04-15 10:47:49,020 - DEBUG - Queue processing loop running
2025-04-15 10:47:49,674 - DEBUG - Queue processing loop running
2025-04-15 10:47:51,123 - DEBUG - Queue processing loop running
2025-04-15 10:47:51,777 - DEBUG - Queue processing loop running
2025-04-15 10:47:53,225 - DEBUG - Queue processing loop running
2025-04-15 10:47:53,879 - DEBUG - Queue processing loop running
2025-04-15 10:47:55,328 - DEBUG - Queue processing loop running
2025-04-15 10:47:55,981 - DEBUG - Queue processing loop running
2025-04-15 10:47:57,430 - DEBUG - Queue processing loop running
2025-04-15 10:47:58,084 - DEBUG - Queue processing loop running
2025-04-15 10:47:59,533 - DEBUG - Queue processing loop running
2025-04-15 10:48:00,186 - DEBUG - Queue processing loop running
2025-04-15 10:48:01,636 - DEBUG - Queue processing loop running
2025-04-15 10:48:02,289 - DEBUG - Queue processing loop running
2025-04-15 10:48:03,739 - DEBUG - Queue processing loop running
2025-04-15 10:48:04,392 - DEBUG - Queue processing loop running
2025-04-15 10:48:05,842 - DEBUG - Queue processing loop running
2025-04-15 10:48:06,495 - DEBUG - Queue processing loop running
2025-04-15 10:48:07,945 - DEBUG - Queue processing loop running
2025-04-15 10:48:08,598 - DEBUG - Queue processing loop running
2025-04-15 10:48:10,048 - DEBUG - Queue processing loop running
2025-04-15 10:48:10,701 - DEBUG - Queue processing loop running
2025-04-15 10:48:12,151 - DEBUG - Queue processing loop running
2025-04-15 10:48:12,804 - DEBUG - Queue processing loop running
2025-04-15 10:48:14,253 - DEBUG - Queue processing loop running
2025-04-15 10:48:14,907 - DEBUG - Queue processing loop running
2025-04-15 10:48:16,356 - DEBUG - Queue processing loop running
2025-04-15 10:48:17,009 - DEBUG - Queue processing loop running
2025-04-15 10:48:18,459 - DEBUG - Queue processing loop running
2025-04-15 10:48:19,112 - DEBUG - Queue processing loop running
2025-04-15 10:48:20,562 - DEBUG - Queue processing loop running
2025-04-15 10:48:21,215 - DEBUG - Queue processing loop running
2025-04-15 10:48:22,665 - DEBUG - Queue processing loop running
2025-04-15 10:48:23,318 - DEBUG - Queue processing loop running
2025-04-15 10:48:24,767 - DEBUG - Queue processing loop running
2025-04-15 10:48:25,421 - DEBUG - Queue processing loop running
2025-04-15 10:48:26,870 - DEBUG - Queue processing loop running
2025-04-15 10:48:27,524 - DEBUG - Queue processing loop running
2025-04-15 10:48:28,972 - DEBUG - Queue processing loop running
2025-04-15 10:48:29,628 - DEBUG - Queue processing loop running
2025-04-15 10:48:31,076 - DEBUG - Queue processing loop running
2025-04-15 10:48:31,730 - DEBUG - Queue processing loop running
2025-04-15 10:48:33,179 - DEBUG - Queue processing loop running
2025-04-15 10:48:33,833 - DEBUG - Queue processing loop running
2025-04-15 10:48:35,281 - DEBUG - Queue processing loop running
2025-04-15 10:48:35,936 - DEBUG - Queue processing loop running
2025-04-15 10:48:37,384 - DEBUG - Queue processing loop running
2025-04-15 10:48:38,038 - DEBUG - Queue processing loop running
2025-04-15 10:48:39,487 - DEBUG - Queue processing loop running
2025-04-15 10:48:40,141 - DEBUG - Queue processing loop running
2025-04-15 10:48:41,589 - DEBUG - Queue processing loop running
2025-04-15 10:48:42,244 - DEBUG - Queue processing loop running
2025-04-15 10:48:43,692 - DEBUG - Queue processing loop running
2025-04-15 10:48:44,347 - DEBUG - Queue processing loop running
2025-04-15 10:48:45,795 - DEBUG - Queue processing loop running
2025-04-15 10:48:46,450 - DEBUG - Queue processing loop running
2025-04-15 10:48:47,898 - DEBUG - Queue processing loop running
2025-04-15 10:48:48,553 - DEBUG - Queue processing loop running
2025-04-15 10:48:50,001 - DEBUG - Queue processing loop running
2025-04-15 10:48:50,655 - DEBUG - Queue processing loop running
2025-04-15 10:48:52,104 - DEBUG - Queue processing loop running
2025-04-15 10:48:52,758 - DEBUG - Queue processing loop running
2025-04-15 10:48:54,206 - DEBUG - Queue processing loop running
2025-04-15 10:48:54,861 - DEBUG - Queue processing loop running
2025-04-15 10:48:56,309 - DEBUG - Queue processing loop running
2025-04-15 10:48:56,964 - DEBUG - Queue processing loop running
2025-04-15 10:48:58,411 - DEBUG - Queue processing loop running
2025-04-15 10:48:59,066 - DEBUG - Queue processing loop running
2025-04-15 10:49:00,514 - DEBUG - Queue processing loop running
2025-04-15 10:49:01,169 - DEBUG - Queue processing loop running
2025-04-15 10:49:02,617 - DEBUG - Queue processing loop running
2025-04-15 10:49:03,272 - DEBUG - Queue processing loop running
2025-04-15 10:49:04,720 - DEBUG - Queue processing loop running
2025-04-15 10:49:05,375 - DEBUG - Queue processing loop running
2025-04-15 10:49:06,822 - DEBUG - Queue processing loop running
2025-04-15 10:49:07,478 - DEBUG - Queue processing loop running
2025-04-15 10:49:08,925 - DEBUG - Queue processing loop running
2025-04-15 10:49:09,581 - DEBUG - Queue processing loop running
2025-04-15 10:49:11,028 - DEBUG - Queue processing loop running
2025-04-15 10:49:11,685 - DEBUG - Queue processing loop running
2025-04-15 10:49:13,131 - DEBUG - Queue processing loop running
2025-04-15 10:49:13,788 - DEBUG - Queue processing loop running
2025-04-15 10:49:15,234 - DEBUG - Queue processing loop running
2025-04-15 10:49:15,891 - DEBUG - Queue processing loop running
2025-04-15 10:49:17,337 - DEBUG - Queue processing loop running
2025-04-15 10:49:17,994 - DEBUG - Queue processing loop running
2025-04-15 10:49:19,440 - DEBUG - Queue processing loop running
2025-04-15 10:49:20,096 - DEBUG - Queue processing loop running
2025-04-15 10:49:21,543 - DEBUG - Queue processing loop running
2025-04-15 10:49:22,199 - DEBUG - Queue processing loop running
2025-04-15 10:49:23,645 - DEBUG - Queue processing loop running
2025-04-15 10:49:24,303 - DEBUG - Queue processing loop running
2025-04-15 10:49:25,748 - DEBUG - Queue processing loop running
2025-04-15 10:49:26,406 - DEBUG - Queue processing loop running
2025-04-15 10:49:27,851 - DEBUG - Queue processing loop running
2025-04-15 10:49:28,509 - DEBUG - Queue processing loop running
2025-04-15 10:49:29,954 - DEBUG - Queue processing loop running
2025-04-15 10:49:30,612 - DEBUG - Queue processing loop running
2025-04-15 10:49:32,057 - DEBUG - Queue processing loop running
2025-04-15 10:49:32,715 - DEBUG - Queue processing loop running
2025-04-15 10:49:34,160 - DEBUG - Queue processing loop running
2025-04-15 10:49:34,817 - DEBUG - Queue processing loop running
2025-04-15 10:49:36,263 - DEBUG - Queue processing loop running
2025-04-15 10:49:36,920 - DEBUG - Queue processing loop running
2025-04-15 10:49:38,366 - DEBUG - Queue processing loop running
2025-04-15 10:49:39,023 - DEBUG - Queue processing loop running
2025-04-15 10:49:40,469 - DEBUG - Queue processing loop running
2025-04-15 10:49:41,126 - DEBUG - Queue processing loop running
2025-04-15 10:49:42,572 - DEBUG - Queue processing loop running
2025-04-15 10:49:43,229 - DEBUG - Queue processing loop running
2025-04-15 10:49:44,674 - DEBUG - Queue processing loop running
2025-04-15 10:49:45,332 - DEBUG - Queue processing loop running
2025-04-15 10:49:46,776 - DEBUG - Queue processing loop running
2025-04-15 10:49:47,435 - DEBUG - Queue processing loop running
2025-04-15 10:49:48,879 - DEBUG - Queue processing loop running
2025-04-15 10:49:49,538 - DEBUG - Queue processing loop running
2025-04-15 10:49:50,982 - DEBUG - Queue processing loop running
2025-04-15 10:49:51,641 - DEBUG - Queue processing loop running
2025-04-15 10:49:53,085 - DEBUG - Queue processing loop running
2025-04-15 10:49:53,744 - DEBUG - Queue processing loop running
2025-04-15 10:49:55,187 - DEBUG - Queue processing loop running
2025-04-15 10:49:55,847 - DEBUG - Queue processing loop running
2025-04-15 10:49:57,290 - DEBUG - Queue processing loop running
2025-04-15 10:49:57,949 - DEBUG - Queue processing loop running
2025-04-15 10:49:59,393 - DEBUG - Queue processing loop running
2025-04-15 10:50:00,052 - DEBUG - Queue processing loop running
2025-04-15 10:50:01,496 - DEBUG - Queue processing loop running
2025-04-15 10:50:02,155 - DEBUG - Queue processing loop running
2025-04-15 10:50:03,599 - DEBUG - Queue processing loop running
2025-04-15 10:50:04,258 - DEBUG - Queue processing loop running
2025-04-15 10:50:05,702 - DEBUG - Queue processing loop running
2025-04-15 10:50:06,361 - DEBUG - Queue processing loop running
2025-04-15 10:50:07,804 - DEBUG - Queue processing loop running
2025-04-15 10:50:08,464 - DEBUG - Queue processing loop running
2025-04-15 10:50:09,907 - DEBUG - Queue processing loop running
2025-04-15 10:50:10,567 - DEBUG - Queue processing loop running
2025-04-15 10:50:12,010 - DEBUG - Queue processing loop running
2025-04-15 10:50:12,670 - DEBUG - Queue processing loop running
2025-04-15 10:50:14,113 - DEBUG - Queue processing loop running
2025-04-15 10:50:14,773 - DEBUG - Queue processing loop running
2025-04-15 10:50:16,216 - DEBUG - Queue processing loop running
2025-04-15 10:50:16,876 - DEBUG - Queue processing loop running
2025-04-15 10:50:18,319 - DEBUG - Queue processing loop running
2025-04-15 10:50:18,979 - DEBUG - Queue processing loop running
2025-04-15 10:50:20,422 - DEBUG - Queue processing loop running
2025-04-15 10:50:21,082 - DEBUG - Queue processing loop running
2025-04-15 10:50:22,525 - DEBUG - Queue processing loop running
2025-04-15 10:50:23,184 - DEBUG - Queue processing loop running
2025-04-15 10:50:24,628 - DEBUG - Queue processing loop running
2025-04-15 10:50:25,287 - DEBUG - Queue processing loop running
2025-04-15 10:50:26,730 - DEBUG - Queue processing loop running
2025-04-15 10:50:27,390 - DEBUG - Queue processing loop running
2025-04-15 10:50:28,833 - DEBUG - Queue processing loop running
2025-04-15 10:50:29,493 - DEBUG - Queue processing loop running
2025-04-15 10:50:30,936 - DEBUG - Queue processing loop running
2025-04-15 10:50:31,596 - DEBUG - Queue processing loop running
2025-04-15 10:50:33,039 - DEBUG - Queue processing loop running
2025-04-15 10:50:33,699 - DEBUG - Queue processing loop running
2025-04-15 10:50:35,142 - DEBUG - Queue processing loop running
2025-04-15 10:50:35,802 - DEBUG - Queue processing loop running
2025-04-15 10:50:37,245 - DEBUG - Queue processing loop running
2025-04-15 10:50:37,905 - DEBUG - Queue processing loop running
2025-04-15 10:50:39,348 - DEBUG - Queue processing loop running
2025-04-15 10:50:40,007 - DEBUG - Queue processing loop running
2025-04-15 10:50:41,451 - DEBUG - Queue processing loop running
2025-04-15 10:50:42,110 - DEBUG - Queue processing loop running
2025-04-15 10:50:43,554 - DEBUG - Queue processing loop running
2025-04-15 10:50:44,213 - DEBUG - Queue processing loop running
2025-04-15 10:50:45,657 - DEBUG - Queue processing loop running
2025-04-15 10:50:46,316 - DEBUG - Queue processing loop running
2025-04-15 10:50:47,760 - DEBUG - Queue processing loop running
2025-04-15 10:50:48,419 - DEBUG - Queue processing loop running
2025-04-15 10:50:49,863 - DEBUG - Queue processing loop running
2025-04-15 10:50:50,521 - DEBUG - Queue processing loop running
2025-04-15 10:50:51,966 - DEBUG - Queue processing loop running
2025-04-15 10:50:52,624 - DEBUG - Queue processing loop running
2025-04-15 10:50:54,069 - DEBUG - Queue processing loop running
2025-04-15 10:50:54,727 - DEBUG - Queue processing loop running
2025-04-15 10:50:56,171 - DEBUG - Queue processing loop running
2025-04-15 10:50:56,831 - DEBUG - Queue processing loop running
2025-04-15 10:50:58,274 - DEBUG - Queue processing loop running
2025-04-15 10:50:58,934 - DEBUG - Queue processing loop running
2025-04-15 10:51:00,377 - DEBUG - Queue processing loop running
2025-04-15 10:51:01,037 - DEBUG - Queue processing loop running
2025-04-15 10:51:02,479 - DEBUG - Queue processing loop running
2025-04-15 10:51:03,139 - DEBUG - Queue processing loop running
2025-04-15 10:51:04,582 - DEBUG - Queue processing loop running
2025-04-15 10:51:05,243 - DEBUG - Queue processing loop running
2025-04-15 10:51:06,685 - DEBUG - Queue processing loop running
2025-04-15 10:51:07,345 - DEBUG - Queue processing loop running
2025-04-15 10:51:08,787 - DEBUG - Queue processing loop running
2025-04-15 10:51:09,448 - DEBUG - Queue processing loop running
2025-04-15 10:51:10,890 - DEBUG - Queue processing loop running
2025-04-15 10:51:11,551 - DEBUG - Queue processing loop running
2025-04-15 10:51:12,993 - DEBUG - Queue processing loop running
2025-04-15 10:51:13,654 - DEBUG - Queue processing loop running
2025-04-15 10:51:15,096 - DEBUG - Queue processing loop running
2025-04-15 10:51:15,757 - DEBUG - Queue processing loop running
2025-04-15 10:51:17,199 - DEBUG - Queue processing loop running
2025-04-15 10:51:17,859 - DEBUG - Queue processing loop running
2025-04-15 10:51:19,302 - DEBUG - Queue processing loop running
2025-04-15 10:51:19,961 - DEBUG - Queue processing loop running
2025-04-15 10:51:21,405 - DEBUG - Queue processing loop running
2025-04-15 10:51:22,064 - DEBUG - Queue processing loop running
2025-04-15 10:51:23,508 - DEBUG - Queue processing loop running
2025-04-15 10:51:24,167 - DEBUG - Queue processing loop running
2025-04-15 10:51:25,611 - DEBUG - Queue processing loop running
2025-04-15 10:51:26,269 - DEBUG - Queue processing loop running
2025-04-15 10:51:27,714 - DEBUG - Queue processing loop running
2025-04-15 10:51:28,372 - DEBUG - Queue processing loop running
2025-04-15 10:51:29,817 - DEBUG - Queue processing loop running
2025-04-15 10:51:30,474 - DEBUG - Queue processing loop running
2025-04-15 10:51:31,920 - DEBUG - Queue processing loop running
2025-04-15 10:51:32,577 - DEBUG - Queue processing loop running
2025-04-15 10:51:34,023 - DEBUG - Queue processing loop running
2025-04-15 10:51:34,680 - DEBUG - Queue processing loop running
2025-04-15 10:51:36,125 - DEBUG - Queue processing loop running
2025-04-15 10:51:36,783 - DEBUG - Queue processing loop running
2025-04-15 10:51:38,228 - DEBUG - Queue processing loop running
2025-04-15 10:51:38,886 - DEBUG - Queue processing loop running
2025-04-15 10:51:40,331 - DEBUG - Queue processing loop running
2025-04-15 10:51:40,989 - DEBUG - Queue processing loop running
2025-04-15 10:51:42,434 - DEBUG - Queue processing loop running
2025-04-15 10:51:43,092 - DEBUG - Queue processing loop running
2025-04-15 10:51:44,537 - DEBUG - Queue processing loop running
2025-04-15 10:51:45,195 - DEBUG - Queue processing loop running
2025-04-15 10:51:46,640 - DEBUG - Queue processing loop running
2025-04-15 10:51:47,298 - DEBUG - Queue processing loop running
2025-04-15 10:51:48,742 - DEBUG - Queue processing loop running
2025-04-15 10:51:49,401 - DEBUG - Queue processing loop running
2025-04-15 10:51:50,845 - DEBUG - Queue processing loop running
2025-04-15 10:51:51,504 - DEBUG - Queue processing loop running
2025-04-15 10:51:52,948 - DEBUG - Queue processing loop running
2025-04-15 10:51:53,607 - DEBUG - Queue processing loop running
2025-04-15 10:51:55,051 - DEBUG - Queue processing loop running
2025-04-15 10:51:55,710 - DEBUG - Queue processing loop running
2025-04-15 10:51:57,154 - DEBUG - Queue processing loop running
2025-04-15 10:51:57,813 - DEBUG - Queue processing loop running
2025-04-15 10:51:59,257 - DEBUG - Queue processing loop running
2025-04-15 10:51:59,916 - DEBUG - Queue processing loop running
2025-04-15 10:52:01,359 - DEBUG - Queue processing loop running
2025-04-15 10:52:02,018 - DEBUG - Queue processing loop running
2025-04-15 10:52:03,462 - DEBUG - Queue processing loop running
2025-04-15 10:52:04,121 - DEBUG - Queue processing loop running
2025-04-15 10:52:05,565 - DEBUG - Queue processing loop running
2025-04-15 10:52:06,224 - DEBUG - Queue processing loop running
2025-04-15 10:52:07,668 - DEBUG - Queue processing loop running
2025-04-15 10:52:08,327 - DEBUG - Queue processing loop running
2025-04-15 10:52:09,771 - DEBUG - Queue processing loop running
2025-04-15 10:52:10,429 - DEBUG - Queue processing loop running
2025-04-15 10:52:11,874 - DEBUG - Queue processing loop running
2025-04-15 10:52:12,533 - DEBUG - Queue processing loop running
2025-04-15 10:52:13,977 - DEBUG - Queue processing loop running
2025-04-15 10:52:14,635 - DEBUG - Queue processing loop running
2025-04-15 10:52:16,080 - DEBUG - Queue processing loop running
2025-04-15 10:52:16,738 - DEBUG - Queue processing loop running
2025-04-15 10:52:18,183 - DEBUG - Queue processing loop running
2025-04-15 10:52:18,841 - DEBUG - Queue processing loop running
2025-04-15 10:52:20,286 - DEBUG - Queue processing loop running
2025-04-15 10:52:20,943 - DEBUG - Queue processing loop running
2025-04-15 10:52:22,389 - DEBUG - Queue processing loop running
2025-04-15 10:52:23,046 - DEBUG - Queue processing loop running
2025-04-15 10:52:24,491 - DEBUG - Queue processing loop running
2025-04-15 10:52:25,148 - DEBUG - Queue processing loop running
2025-04-15 10:52:26,594 - DEBUG - Queue processing loop running
2025-04-15 10:52:27,252 - DEBUG - Queue processing loop running
2025-04-15 10:52:28,697 - DEBUG - Queue processing loop running
2025-04-15 10:52:29,355 - DEBUG - Queue processing loop running
2025-04-15 10:52:30,800 - DEBUG - Queue processing loop running
2025-04-15 10:52:31,458 - DEBUG - Queue processing loop running
2025-04-15 10:52:32,902 - DEBUG - Queue processing loop running
2025-04-15 10:52:33,561 - DEBUG - Queue processing loop running
2025-04-15 10:52:35,005 - DEBUG - Queue processing loop running
2025-04-15 10:52:35,664 - DEBUG - Queue processing loop running
2025-04-15 10:52:37,107 - DEBUG - Queue processing loop running
2025-04-15 10:52:37,767 - DEBUG - Queue processing loop running
2025-04-15 10:52:39,210 - DEBUG - Queue processing loop running
2025-04-15 10:52:39,870 - DEBUG - Queue processing loop running
2025-04-15 10:52:41,312 - DEBUG - Queue processing loop running
2025-04-15 10:52:41,972 - DEBUG - Queue processing loop running
2025-04-15 10:52:43,415 - DEBUG - Queue processing loop running
2025-04-15 10:52:44,074 - DEBUG - Queue processing loop running
2025-04-15 10:52:45,517 - DEBUG - Queue processing loop running
2025-04-15 10:52:46,177 - DEBUG - Queue processing loop running
2025-04-15 10:52:47,620 - DEBUG - Queue processing loop running
2025-04-15 10:52:48,280 - DEBUG - Queue processing loop running
2025-04-15 10:52:49,723 - DEBUG - Queue processing loop running
2025-04-15 10:52:50,383 - DEBUG - Queue processing loop running
2025-04-15 10:52:51,826 - DEBUG - Queue processing loop running
2025-04-15 10:52:52,486 - DEBUG - Queue processing loop running
2025-04-15 10:52:53,929 - DEBUG - Queue processing loop running
2025-04-15 10:52:54,589 - DEBUG - Queue processing loop running
2025-04-15 10:52:56,032 - DEBUG - Queue processing loop running
2025-04-15 10:52:56,692 - DEBUG - Queue processing loop running
2025-04-15 10:52:58,135 - DEBUG - Queue processing loop running
2025-04-15 10:52:58,794 - DEBUG - Queue processing loop running
2025-04-15 10:53:00,237 - DEBUG - Queue processing loop running
2025-04-15 10:53:00,902 - DEBUG - Queue processing loop running
2025-04-15 10:53:02,339 - DEBUG - Queue processing loop running
2025-04-15 10:53:03,005 - DEBUG - Queue processing loop running
2025-04-15 10:53:04,441 - DEBUG - Queue processing loop running
2025-04-15 10:53:05,112 - DEBUG - Queue processing loop running
2025-04-15 10:53:06,549 - DEBUG - Queue processing loop running
2025-04-15 10:53:07,215 - DEBUG - Queue processing loop running
2025-04-15 10:53:08,652 - DEBUG - Queue processing loop running
2025-04-15 10:53:09,317 - DEBUG - Queue processing loop running
2025-04-15 10:53:10,754 - DEBUG - Queue processing loop running
2025-04-15 10:53:11,422 - DEBUG - Queue processing loop running
2025-04-15 10:53:12,857 - DEBUG - Queue processing loop running
2025-04-15 10:53:13,529 - DEBUG - Queue processing loop running
2025-04-15 10:53:14,960 - DEBUG - Queue processing loop running
2025-04-15 10:53:15,632 - DEBUG - Queue processing loop running
2025-04-15 10:53:17,063 - DEBUG - Queue processing loop running
2025-04-15 10:53:17,735 - DEBUG - Queue processing loop running
2025-04-15 10:53:19,166 - DEBUG - Queue processing loop running
2025-04-15 10:53:19,838 - DEBUG - Queue processing loop running
2025-04-15 10:53:21,269 - DEBUG - Queue processing loop running
2025-04-15 10:53:21,940 - DEBUG - Queue processing loop running
2025-04-15 10:53:23,372 - DEBUG - Queue processing loop running
2025-04-15 10:53:24,042 - DEBUG - Queue processing loop running
2025-04-15 10:53:25,475 - DEBUG - Queue processing loop running
2025-04-15 10:53:26,145 - DEBUG - Queue processing loop running
2025-04-15 10:53:27,578 - DEBUG - Queue processing loop running
2025-04-15 10:53:28,248 - DEBUG - Queue processing loop running
2025-04-15 10:53:29,684 - DEBUG - Queue processing loop running
2025-04-15 10:53:30,351 - DEBUG - Queue processing loop running
2025-04-15 10:53:31,787 - DEBUG - Queue processing loop running
2025-04-15 10:53:32,454 - DEBUG - Queue processing loop running
2025-04-15 10:53:33,890 - DEBUG - Queue processing loop running
2025-04-15 10:53:34,557 - DEBUG - Queue processing loop running
2025-04-15 10:53:35,993 - DEBUG - Queue processing loop running
2025-04-15 10:53:36,660 - DEBUG - Queue processing loop running
